running develop
running egg_info
creating rover_ocr_node.egg-info
writing rover_ocr_node.egg-info/PKG-INFO
writing dependency_links to rover_ocr_node.egg-info/dependency_links.txt
writing entry points to rover_ocr_node.egg-info/entry_points.txt
writing requirements to rover_ocr_node.egg-info/requires.txt
writing top-level names to rover_ocr_node.egg-info/top_level.txt
writing manifest file 'rover_ocr_node.egg-info/SOURCES.txt'
reading manifest file 'rover_ocr_node.egg-info/SOURCES.txt'
writing manifest file 'rover_ocr_node.egg-info/SOURCES.txt'
running build_ext
Creating /home/blayne/Rover_OCR_Node/install/rover_ocr_node/lib/python3.10/site-packages/rover-ocr-node.egg-link (link to .)
Installing rover_ocr script to /home/blayne/Rover_OCR_Node/install/rover_ocr_node/lib/rover_ocr_node

Installed /home/blayne/Rover_OCR_Node/build/rover_ocr_node
running symlink_data
symbolically linking /home/blayne/Rover_OCR_Node/build/rover_ocr_node/package.xml -> /home/blayne/Rover_OCR_Node/install/rover_ocr_node/share/rover_ocr_node
creating /home/blayne/Rover_OCR_Node/install/rover_ocr_node/share/ament_index
creating /home/blayne/Rover_OCR_Node/install/rover_ocr_node/share/ament_index/resource_index
creating /home/blayne/Rover_OCR_Node/install/rover_ocr_node/share/ament_index/resource_index/packages
symbolically linking /home/blayne/Rover_OCR_Node/build/rover_ocr_node/resource/rover_ocr_node -> /home/blayne/Rover_OCR_Node/install/rover_ocr_node/share/ament_index/resource_index/packages
